sh: Execution time[s] for 100000 times
only body
Command	:	MACRO_N=':'	MACRO_E='eval :'	alias MACRO_A=':'	MACRO_B(){ :; }	MACRO_P()( :  )	{ :; }	( : )
Real	0.02	0.03	0.08	0.02	0.04	13.53	0.03	14.12
User	0.02	0.03	0.08	0.02	0.04	0.32	0.03	0.24
Sys	0.00	0.00	0.00	0.00	0.00	5.63	0.00	6.00
including definition
Command	:	MACRO_N=':'	MACRO_E='eval :'	alias MACRO_A=':'	MACRO_B(){ :; }	MACRO_P()( :  )	{ :; }	( : )
Real	0.08	0.12	0.16	0.12	0.14	15.46	0.12	28.43
User	0.08	0.11	0.16	0.12	0.14	0.60	0.12	0.77
Sys	0.00	0.00	0.00	0.00	0.00	6.22	0.00	11.60
ksh: Execution time[s] for 100000 times
only body
Command	:	MACRO_N=':'	MACRO_E='eval :'	alias MACRO_A=':'	MACRO_B(){ :; }	MACRO_P()( :  )	{ :; }	( : )
Real	0.02	0.03	0.08	0.02	0.04	13.61	0.02	14.23
User	0.02	0.03	0.08	0.02	0.04	0.33	0.02	0.22
Sys	0.00	0.00	0.00	0.00	0.00	5.69	0.00	5.97
including definition
Command	:	MACRO_N=':'	MACRO_E='eval :'	alias MACRO_A=':'	MACRO_B(){ :; }	MACRO_P()( :  )	{ :; }	( : )
Real	0.09	0.12	0.18	0.15	0.15	14.83	0.10	29.47
User	0.08	0.12	0.18	0.14	0.15	0.66	0.10	0.80
Sys	0.00	0.00	0.00	0.00	0.00	5.99	0.00	12.13
ksh93: Execution time[s] for 100000 times
only body
Command	:	MACRO_N=':'	MACRO_E='eval :'	alias MACRO_A=':'	MACRO_B(){ :; }	MACRO_P()( :  )	{ :; }	( : )
Real	0.02	0.03	0.08	0.02	0.05	13.88	0.02	15.43
User	0.02	0.03	0.08	0.02	0.05	0.36	0.02	0.39
Sys	0.00	0.00	0.00	0.00	0.00	5.90	0.00	6.21
including definition
Command	:	MACRO_N=':'	MACRO_E='eval :'	alias MACRO_A=':'	MACRO_B(){ :; }	MACRO_P()( :  )	{ :; }	( : )
Real	0.10	0.12	0.18	0.13	0.16	14.10	0.10	30.06
User	0.10	0.12	0.18	0.13	0.16	0.69	0.10	0.84
Sys	0.00	0.00	0.00	0.00	0.00	5.70	0.00	12.34
pdksh: Execution time[s] for 100000 times
only body
Command	:	MACRO_N=':'	MACRO_E='eval :'	alias MACRO_A=':'	MACRO_B(){ :; }	MACRO_P()( :  )	{ :; }	( : )
Real	0.03	0.04	0.11	0.03	0.07	15.86	0.03	15.92
User	0.02	0.04	0.11	0.03	0.07	0.36	0.03	0.34
Sys	0.00	0.00	0.00	0.00	0.00	6.43	0.00	6.36
including definition
Command	:	MACRO_N=':'	MACRO_E='eval :'	alias MACRO_A=':'	MACRO_B(){ :; }	MACRO_P()( :  )	{ :; }	( : )
Real	0.09	0.12	0.16	0.12	0.13	14.80	0.10	28.75
User	0.08	0.12	0.16	0.12	0.13	0.66	0.10	0.83
Sys	0.00	0.00	0.00	0.00	0.00	6.08	0.00	11.97
oksh: Execution time[s] for 100000 times
only body
Command	:	MACRO_N=':'	MACRO_E='eval :'	alias MACRO_A=':'	MACRO_B(){ :; }	MACRO_P()( :  )	{ :; }	( : )
Real	0.03	0.03	0.09	0.02	0.04	13.43	0.02	13.81
User	0.03	0.03	0.08	0.02	0.04	0.31	0.02	0.23
Sys	0.00	0.00	0.00	0.00	0.00	5.47	0.00	5.69
including definition
Command	:	MACRO_N=':'	MACRO_E='eval :'	alias MACRO_A=':'	MACRO_B(){ :; }	MACRO_P()( :  )	{ :; }	( : )
Real	0.09	0.11	0.16	0.12	0.13	14.09	0.10	29.23
User	0.09	0.11	0.16	0.11	0.13	0.56	0.09	0.73
Sys	0.00	0.00	0.00	0.00	0.00	5.93	0.00	12.24
lksh: Execution time[s] for 100000 times
only body
Command	:	MACRO_N=':'	MACRO_E='eval :'	alias MACRO_A=':'	MACRO_B(){ :; }	MACRO_P()( :  )	{ :; }	( : )
Real	0.02	0.03	0.08	0.02	0.04	13.90	0.03	14.15
User	0.02	0.03	0.08	0.02	0.04	0.27	0.02	0.26
Sys	0.00	0.00	0.00	0.00	0.00	5.81	0.00	5.91
including definition
Command	:	MACRO_N=':'	MACRO_E='eval :'	alias MACRO_A=':'	MACRO_B(){ :; }	MACRO_P()( :  )	{ :; }	( : )
Real	0.09	0.17	0.17	0.13	0.14	14.80	0.10	29.02
User	0.09	0.16	0.17	0.12	0.14	0.60	0.10	0.80
Sys	0.00	0.00	0.00	0.00	0.00	6.08	0.00	12.16
mksh: Execution time[s] for 100000 times
only body
Command	:	MACRO_N=':'	MACRO_E='eval :'	alias MACRO_A=':'	MACRO_B(){ :; }	MACRO_P()( :  )	{ :; }	( : )
Real	0.03	0.04	0.11	0.03	0.06	14.71	0.02	14.33
User	0.02	0.04	0.11	0.03	0.06	0.46	0.02	0.36
Sys	0.00	0.00	0.00	0.00	0.00	6.02	0.00	5.82
including definition
Command	:	MACRO_N=':'	MACRO_E='eval :'	alias MACRO_A=':'	MACRO_B(){ :; }	MACRO_P()( :  )	{ :; }	( : )
Real	0.08	0.12	0.17	0.14	0.16	15.21	0.13	27.72
User	0.08	0.11	0.16	0.14	0.16	0.70	0.12	0.82
Sys	0.00	0.00	0.00	0.00	0.00	6.24	0.00	11.76
posh: Execution time[s] for 100000 times
only body
Command	:	MACRO_N=':'	MACRO_E='eval :'	alias MACRO_A=':'	MACRO_B(){ :; }	MACRO_P()( :  )	{ :; }	( : )
Real	0.02	0.03	0.09	0.03	0.04	14.20	0.03	14.05
User	0.02	0.03	0.08	0.03	0.04	0.36	0.02	0.28
Sys	0.00	0.00	0.00	0.00	0.00	5.92	0.00	6.05
including definition
Command	:	MACRO_N=':'	MACRO_E='eval :'	alias MACRO_A=':'	MACRO_B(){ :; }	MACRO_P()( :  )	{ :; }	( : )
Real	0.09	0.12	0.17	0.12	0.14	15.18	0.10	29.55
User	0.08	0.11	0.16	0.12	0.14	0.66	0.10	0.85
Sys	0.00	0.00	0.00	0.00	0.00	6.31	0.00	12.30
dash: Execution time[s] for 100000 times
only body
Command	:	MACRO_N=':'	MACRO_E='eval :'	alias MACRO_A=':'	MACRO_B(){ :; }	MACRO_P()( :  )	{ :; }	( : )
Real	0.02	0.03	0.09	0.03	0.05	14.10	0.03	14.34
User	0.02	0.03	0.08	0.02	0.05	0.41	0.02	0.29
Sys	0.00	0.00	0.00	0.00	0.00	5.89	0.00	5.98
including definition
Command	:	MACRO_N=':'	MACRO_E='eval :'	alias MACRO_A=':'	MACRO_B(){ :; }	MACRO_P()( :  )	{ :; }	( : )
Real	0.10	0.12	0.19	0.13	0.15	16.35	0.12	31.62
User	0.09	0.12	0.19	0.12	0.15	0.82	0.11	0.87
Sys	0.00	0.00	0.00	0.00	0.00	6.32	0.00	12.76
bash: Execution time[s] for 100000 times
only body
Command	:	MACRO_N=':'	MACRO_E='eval :'	alias MACRO_A=':'	MACRO_B(){ :; }	MACRO_P()( :  )	{ :; }	( : )
Real	0.05	0.05	0.13	0.02	0.04	14.02	0.02	13.47
User	0.04	0.05	0.13	0.02	0.04	0.38	0.02	0.26
Sys	0.00	0.00	0.00	0.00	0.00	5.74	0.00	5.55
including definition
Command	:	MACRO_N=':'	MACRO_E='eval :'	alias MACRO_A=':'	MACRO_B(){ :; }	MACRO_P()( :  )	{ :; }	( : )
Real	0.09	0.12	0.16	0.12	0.14	14.71	0.10	28.33
User	0.08	0.12	0.16	0.12	0.13	0.71	0.10	0.66
Sys	0.00	0.00	0.00	0.00	0.00	5.99	0.00	11.59
zsh: Execution time[s] for 100000 times
only body
Command	:	MACRO_N=':'	MACRO_E='eval :'	alias MACRO_A=':'	MACRO_B(){ :; }	MACRO_P()( :  )	{ :; }	( : )
Real	0.02	0.03	0.08	0.02	0.04	13.78	0.02	14.32
User	0.02	0.03	0.08	0.02	0.04	0.31	0.02	0.26
Sys	0.00	0.00	0.00	0.00	0.00	5.75	0.00	5.83
including definition
Command	:	MACRO_N=':'	MACRO_E='eval :'	alias MACRO_A=':'	MACRO_B(){ :; }	MACRO_P()( :  )	{ :; }	( : )
Real	0.09	0.11	0.17	0.12	0.13	15.00	0.10	29.09
User	0.08	0.11	0.16	0.12	0.13	0.62	0.10	0.72
Sys	0.00	0.00	0.00	0.00	0.00	6.17	0.00	12.09
yash: Execution time[s] for 100000 times
only body
Command	:	MACRO_N=':'	MACRO_E='eval :'	alias MACRO_A=':'	MACRO_B(){ :; }	MACRO_P()( :  )	{ :; }	( : )
Real	0.03	0.03	0.09	0.03	0.04	14.61	0.05	14.88
User	0.03	0.03	0.09	0.02	0.04	0.33	0.04	0.31
Sys	0.00	0.00	0.00	0.00	0.00	5.93	0.00	6.17
including definition
Command	:	MACRO_N=':'	MACRO_E='eval :'	alias MACRO_A=':'	MACRO_B(){ :; }	MACRO_P()( :  )	{ :; }	( : )
Real	0.10	0.13	0.19	0.12	0.15	15.89	0.11	29.40
User	0.10	0.12	0.19	0.12	0.14	0.65	0.10	0.73
Sys	0.00	0.00	0.00	0.00	0.00	6.30	0.00	12.37
busybox ash: Execution time[s] for 100000 times
only body
Command	:	MACRO_N=':'	MACRO_E='eval :'	alias MACRO_A=':'	MACRO_B(){ :; }	MACRO_P()( :  )	{ :; }	( : )
Real	0.07	0.07	0.16	0.05	0.09	13.78	0.06	13.43
User	0.06	0.06	0.14	0.05	0.07	0.36	0.05	0.26
Sys	0.01	0.00	0.01	0.00	0.01	5.24	0.01	5.08
including definition
Command	:	MACRO_N=':'	MACRO_E='eval :'	alias MACRO_A=':'	MACRO_B(){ :; }	MACRO_P()( :  )	{ :; }	( : )
Real	0.17	0.22	0.32	0.26	0.23	14.37	0.19	28.39
User	0.12	0.20	0.29	0.21	0.20	0.66	0.14	0.97
Sys	0.04	0.01	0.03	0.04	0.03	5.30	0.05	10.59
